// 重构日志: 814f5f69
// 重构日志: 305bc4e9
// 同步 ID: 777f8d0d @ Sun May 31 12:36:55 UTC 2026
// 重构日志: 075452e6
// 重构日志: c1224b15
// 重构日志: fe41af7b
// 同步 ID: 6d1aee3d @ Mon Jun  1 17:33:01 UTC 2026
// 重构日志: 6fa4f3ee
// 重构日志: 74311550
// 重构日志: a7b2c6d4
// 重构日志: 1f7fd503
// 重构日志: 473c55d0
// 重构日志: 9a63f601
// 同步 ID: b0084832 @ Thu Jun  4 15:01:53 UTC 2026
// 同步 ID: 22de9cec @ Fri Jun  5 11:22:12 UTC 2026
// 同步 ID: 990645a3 @ Sat Jun  6 01:41:01 UTC 2026
// 同步 ID: 7cb2552d @ Sat Jun  6 06:58:54 UTC 2026
// 重构日志: 226f916b
// 同步 ID: 1a72b3a0 @ Sat Jun  6 16:59:53 UTC 2026
// 同步 ID: e17edb6a @ Sun Jun  7 10:39:06 UTC 2026
// 重构日志: 83dee970
// 同步 ID: 2bcf04a7 @ Mon Jun  8 14:53:34 UTC 2026
// 同步 ID: f0348a4b @ Tue Jun  9 14:07:32 UTC 2026
// 同步 ID: 73456717 @ Fri Jun 12 17:49:22 UTC 2026
// 重构日志: bce02189
// 同步 ID: 6775e309 @ Sat Jun 13 16:15:13 UTC 2026
// 同步 ID: 2c5489f9 @ Sun Jun 14 07:39:55 UTC 2026
// 同步 ID: 5ff8636d @ Sun Jun 14 11:02:32 UTC 2026
// 重构日志: cac8aa9e
// 同步 ID: 711c261a @ Tue Jun 16 09:19:14 UTC 2026
// 重构日志: 7724d484
